This file contains any messages produced by compilers while
running configure, to aid debugging if configure makes a mistake.

It was created by Haskell old-time package configure 1.0, which was
generated by GNU Autoconf 2.69.  Invocation command line was

  $ //Users/twanbolwerk/Documents/dev/haskellApi/dist-newstyle/tmp/src-4289/old-time-1.1.0.3/configure --with-compiler=ghc --prefix=/Users/twanbolwerk/.cabal/store/ghc-8.6.5/ld-tm-1.1.0.3-412d4789 --bindir=/Users/twanbolwerk/.cabal/store/ghc-8.6.5/ld-tm-1.1.0.3-412d4789/bin --libdir=/Users/twanbolwerk/.cabal/store/ghc-8.6.5/ld-tm-1.1.0.3-412d4789/lib --libexecdir=/Users/twanbolwerk/.cabal/store/ghc-8.6.5/ld-tm-1.1.0.3-412d4789/libexec --datadir=/Users/twanbolwerk/.cabal/store/ghc-8.6.5/ld-tm-1.1.0.3-412d4789/share --sysconfdir=/Users/twanbolwerk/.cabal/store/ghc-8.6.5/ld-tm-1.1.0.3-412d4789/etc CC=/usr/bin/gcc

## --------- ##
## Platform. ##
## --------- ##

hostname = Twans-MBP.lan
uname -m = x86_64
uname -r = 20.3.0
uname -s = Darwin
uname -v = Darwin Kernel Version 20.3.0: Thu Jan 21 00:07:06 PST 2021; root:xnu-7195.81.3~1/RELEASE_X86_64

/usr/bin/uname -p = i386
/bin/uname -X     = unknown

/bin/arch              = unknown
/usr/bin/arch -k       = unknown
/usr/convex/getsysinfo = unknown
/usr/bin/hostinfo      = Mach kernel version:
	 Darwin Kernel Version 20.3.0: Thu Jan 21 00:07:06 PST 2021; root:xnu-7195.81.3~1/RELEASE_X86_64
Kernel configured for up to 16 processors.
8 processors are physically available.
16 processors are logically available.
Processor type: x86_64h (Intel x86-64h Haswell)
Processors active: 0 1 2 3 4 5 6 7 8 9 10 11 12 13 14 15
Primary memory available: 64.00 gigabytes
Default processor set: 624 tasks, 3285 threads, 16 processors
Load average: 15.47, Mach factor: 1.23
/bin/machine           = unknown
/usr/bin/oslevel       = unknown
/bin/universe          = unknown

PATH: /Users/twanbolwerk/.cabal/bin
PATH: /Users/twanbolwerk/.nix-profile/bin
PATH: /Users/twanbolwerk/.cabal/bin
PATH: /Users/twanbolwerk/.ghcup/bin
PATH: /Users/twanbolwerk/.pyenv/shims
PATH: /Library/Frameworks/Python.framework/Versions/3.8/bin
PATH: /opt/local/bin
PATH: /opt/local/sbin
PATH: /Users/twanbolwerk/.cargo/bin
PATH: /Library/Frameworks/Python.framework/Versions/3.8/bin
PATH: /usr/local/bin
PATH: /usr/bin
PATH: /bin
PATH: /usr/sbin
PATH: /sbin
PATH: /Library/TeX/texbin
PATH: /usr/local/share/dotnet
PATH: /opt/X11/bin
PATH: ~/.dotnet/tools
PATH: /Library/Apple/usr/bin
PATH: /Library/Frameworks/Mono.framework/Versions/Current/Commands
PATH: /Users/twanbolwerk/.local/bin
PATH: /usr/local/lib/bazel/bin
PATH: /Users/twanbolwerk/development/tools/flutter/bin
PATH: /Users/twanbolwerk/.dotnet/tools
PATH: /usr/local/bin/gcc-10


## ----------- ##
## Core tests. ##
## ----------- ##

configure:2256: checking for gcc
configure:2283: result: /usr/bin/gcc
configure:2512: checking for C compiler version
configure:2521: /usr/bin/gcc --version >&5
Apple clang version 12.0.0 (clang-1200.0.32.29)
Target: x86_64-apple-darwin20.3.0
Thread model: posix
InstalledDir: /Applications/Xcode.app/Contents/Developer/Toolchains/XcodeDefault.xctoolchain/usr/bin
Configured with: --prefix=/Applications/Xcode.app/Contents/Developer/usr --with-gxx-include-dir=/Applications/Xcode.app/Contents/Developer/Platforms/MacOSX.platform/Developer/SDKs/MacOSX.sdk/usr/include/c++/4.2.1
configure:2532: $? = 0
configure:2521: /usr/bin/gcc -v >&5
Configured with: --prefix=/Applications/Xcode.app/Contents/Developer/usr --with-gxx-include-dir=/Applications/Xcode.app/Contents/Developer/Platforms/MacOSX.platform/Developer/SDKs/MacOSX.sdk/usr/include/c++/4.2.1
Apple clang version 12.0.0 (clang-1200.0.32.29)
Target: x86_64-apple-darwin20.3.0
Thread model: posix
InstalledDir: /Applications/Xcode.app/Contents/Developer/Toolchains/XcodeDefault.xctoolchain/usr/bin
configure:2532: $? = 0
configure:2521: /usr/bin/gcc -V >&5
clang: error: argument to '-V' is missing (expected 1 value)
clang: error: no input files
configure:2532: $? = 1
configure:2521: /usr/bin/gcc -qversion >&5
clang: error: unknown argument '-qversion'; did you mean '--version'?
clang: error: no input files
configure:2532: $? = 1
configure:2552: checking whether the C compiler works
configure:2574: /usr/bin/gcc -fno-stack-protector   conftest.c  >&5
configure:2578: $? = 0
configure:2626: result: yes
configure:2629: checking for C compiler default output file name
configure:2631: result: a.out
configure:2637: checking for suffix of executables
configure:2644: /usr/bin/gcc -o conftest -fno-stack-protector   conftest.c  >&5
configure:2648: $? = 0
configure:2670: result: 
configure:2692: checking whether we are cross compiling
configure:2700: /usr/bin/gcc -o conftest -fno-stack-protector   conftest.c  >&5
configure:2704: $? = 0
configure:2711: ./conftest
configure:2715: $? = 0
configure:2730: result: no
configure:2735: checking for suffix of object files
configure:2757: /usr/bin/gcc -c -fno-stack-protector  conftest.c >&5
configure:2761: $? = 0
configure:2782: result: o
configure:2786: checking whether we are using the GNU C compiler
configure:2805: /usr/bin/gcc -c -fno-stack-protector  conftest.c >&5
configure:2805: $? = 0
configure:2814: result: yes
configure:2823: checking whether /usr/bin/gcc accepts -g
configure:2843: /usr/bin/gcc -c -g  conftest.c >&5
configure:2843: $? = 0
configure:2884: result: yes
configure:2901: checking for /usr/bin/gcc option to accept ISO C89
configure:2964: /usr/bin/gcc  -c -fno-stack-protector  conftest.c >&5
configure:2964: $? = 0
configure:2977: result: none needed
configure:3005: checking how to run the C preprocessor
configure:3036: /usr/bin/gcc -E  conftest.c
configure:3036: $? = 0
configure:3050: /usr/bin/gcc -E  conftest.c
conftest.c:9:10: fatal error: 'ac_nonexistent.h' file not found
#include <ac_nonexistent.h>
         ^~~~~~~~~~~~~~~~~~
1 error generated.
configure:3050: $? = 1
configure: failed program was:
| /* confdefs.h */
| #define PACKAGE_NAME "Haskell old-time package"
| #define PACKAGE_TARNAME "old-time"
| #define PACKAGE_VERSION "1.0"
| #define PACKAGE_STRING "Haskell old-time package 1.0"
| #define PACKAGE_BUGREPORT "libraries@haskell.org"
| #define PACKAGE_URL ""
| /* end confdefs.h.  */
| #include <ac_nonexistent.h>
configure:3075: result: /usr/bin/gcc -E
configure:3095: /usr/bin/gcc -E  conftest.c
configure:3095: $? = 0
configure:3109: /usr/bin/gcc -E  conftest.c
conftest.c:9:10: fatal error: 'ac_nonexistent.h' file not found
#include <ac_nonexistent.h>
         ^~~~~~~~~~~~~~~~~~
1 error generated.
configure:3109: $? = 1
configure: failed program was:
| /* confdefs.h */
| #define PACKAGE_NAME "Haskell old-time package"
| #define PACKAGE_TARNAME "old-time"
| #define PACKAGE_VERSION "1.0"
| #define PACKAGE_STRING "Haskell old-time package 1.0"
| #define PACKAGE_BUGREPORT "libraries@haskell.org"
| #define PACKAGE_URL ""
| /* end confdefs.h.  */
| #include <ac_nonexistent.h>
configure:3138: checking for grep that handles long lines and -e
configure:3196: result: /usr/bin/grep
configure:3201: checking for egrep
configure:3263: result: /usr/bin/grep -E
configure:3268: checking for ANSI C header files
configure:3288: /usr/bin/gcc -c -fno-stack-protector  conftest.c >&5
configure:3288: $? = 0
configure:3361: /usr/bin/gcc -o conftest -fno-stack-protector   conftest.c  >&5
configure:3361: $? = 0
configure:3361: ./conftest
configure:3361: $? = 0
configure:3372: result: yes
configure:3385: checking for sys/types.h
configure:3385: /usr/bin/gcc -c -fno-stack-protector  conftest.c >&5
configure:3385: $? = 0
configure:3385: result: yes
configure:3385: checking for sys/stat.h
configure:3385: /usr/bin/gcc -c -fno-stack-protector  conftest.c >&5
configure:3385: $? = 0
configure:3385: result: yes
configure:3385: checking for stdlib.h
configure:3385: /usr/bin/gcc -c -fno-stack-protector  conftest.c >&5
configure:3385: $? = 0
configure:3385: result: yes
configure:3385: checking for string.h
configure:3385: /usr/bin/gcc -c -fno-stack-protector  conftest.c >&5
configure:3385: $? = 0
configure:3385: result: yes
configure:3385: checking for memory.h
configure:3385: /usr/bin/gcc -c -fno-stack-protector  conftest.c >&5
configure:3385: $? = 0
configure:3385: result: yes
configure:3385: checking for strings.h
configure:3385: /usr/bin/gcc -c -fno-stack-protector  conftest.c >&5
configure:3385: $? = 0
configure:3385: result: yes
configure:3385: checking for inttypes.h
configure:3385: /usr/bin/gcc -c -fno-stack-protector  conftest.c >&5
configure:3385: $? = 0
configure:3385: result: yes
configure:3385: checking for stdint.h
configure:3385: /usr/bin/gcc -c -fno-stack-protector  conftest.c >&5
configure:3385: $? = 0
configure:3385: result: yes
configure:3385: checking for unistd.h
configure:3385: /usr/bin/gcc -c -fno-stack-protector  conftest.c >&5
configure:3385: $? = 0
configure:3385: result: yes
configure:3400: checking sys/time.h usability
configure:3400: /usr/bin/gcc -c -fno-stack-protector  conftest.c >&5
configure:3400: $? = 0
configure:3400: result: yes
configure:3400: checking sys/time.h presence
configure:3400: /usr/bin/gcc -E  conftest.c
configure:3400: $? = 0
configure:3400: result: yes
configure:3400: checking for sys/time.h
configure:3400: result: yes
configure:3400: checking sys/timeb.h usability
configure:3400: /usr/bin/gcc -c -fno-stack-protector  conftest.c >&5
configure:3400: $? = 0
configure:3400: result: yes
configure:3400: checking sys/timeb.h presence
configure:3400: /usr/bin/gcc -E  conftest.c
configure:3400: $? = 0
configure:3400: result: yes
configure:3400: checking for sys/timeb.h
configure:3400: result: yes
configure:3400: checking time.h usability
configure:3400: /usr/bin/gcc -c -fno-stack-protector  conftest.c >&5
configure:3400: $? = 0
configure:3400: result: yes
configure:3400: checking time.h presence
configure:3400: /usr/bin/gcc -E  conftest.c
configure:3400: $? = 0
configure:3400: result: yes
configure:3400: checking for time.h
configure:3400: result: yes
configure:3414: checking for ftime
configure:3414: /usr/bin/gcc -o conftest -fno-stack-protector   conftest.c  >&5
configure:3414: $? = 0
configure:3414: result: yes
configure:3414: checking for gmtime_r
configure:3414: /usr/bin/gcc -o conftest -fno-stack-protector   conftest.c  >&5
configure:3414: $? = 0
configure:3414: result: yes
configure:3414: checking for localtime_r
configure:3414: /usr/bin/gcc -o conftest -fno-stack-protector   conftest.c  >&5
configure:3414: $? = 0
configure:3414: result: yes
configure:3414: checking for gettimeofday
configure:3414: /usr/bin/gcc -o conftest -fno-stack-protector   conftest.c  >&5
configure:3414: $? = 0
configure:3414: result: yes
configure:3424: checking whether struct tm is in sys/time.h or time.h
configure:3444: /usr/bin/gcc -c -fno-stack-protector  conftest.c >&5
configure:3444: $? = 0
configure:3451: result: time.h
configure:3459: checking for struct tm.tm_zone
configure:3459: /usr/bin/gcc -c -fno-stack-protector  conftest.c >&5
configure:3459: $? = 0
configure:3459: result: yes
configure:3527: checking whether time.h and sys/time.h may both be included
configure:3547: /usr/bin/gcc -c -fno-stack-protector  conftest.c >&5
configure:3547: $? = 0
configure:3554: result: yes
configure:3564: checking for sys/time.h
configure:3564: result: yes
configure:3574: checking whether altzone is declared
configure:3574: /usr/bin/gcc -c -fno-stack-protector  conftest.c >&5
conftest.c:48:10: error: use of undeclared identifier 'altzone'
  (void) altzone;
         ^
1 error generated.
configure:3574: $? = 1
configure: failed program was:
| /* confdefs.h */
| #define PACKAGE_NAME "Haskell old-time package"
| #define PACKAGE_TARNAME "old-time"
| #define PACKAGE_VERSION "1.0"
| #define PACKAGE_STRING "Haskell old-time package 1.0"
| #define PACKAGE_BUGREPORT "libraries@haskell.org"
| #define PACKAGE_URL ""
| #define STDC_HEADERS 1
| #define HAVE_SYS_TYPES_H 1
| #define HAVE_SYS_STAT_H 1
| #define HAVE_STDLIB_H 1
| #define HAVE_STRING_H 1
| #define HAVE_MEMORY_H 1
| #define HAVE_STRINGS_H 1
| #define HAVE_INTTYPES_H 1
| #define HAVE_STDINT_H 1
| #define HAVE_UNISTD_H 1
| #define HAVE_SYS_TIME_H 1
| #define HAVE_SYS_TIMEB_H 1
| #define HAVE_TIME_H 1
| #define HAVE_FTIME 1
| #define HAVE_GMTIME_R 1
| #define HAVE_LOCALTIME_R 1
| #define HAVE_GETTIMEOFDAY 1
| #define HAVE_STRUCT_TM_TM_ZONE 1
| #define HAVE_TM_ZONE 1
| #define TIME_WITH_SYS_TIME 1
| #define HAVE_SYS_TIME_H 1
| /* end confdefs.h.  */
| #if TIME_WITH_SYS_TIME
| # include <sys/time.h>
| # include <time.h>
| #else
| # if HAVE_SYS_TIME_H
| #  include <sys/time.h>
| # else
| #  include <time.h>
| # endif
| #endif
| 
| int
| main ()
| {
| #ifndef altzone
| #ifdef __cplusplus
|   (void) altzone;
| #else
|   (void) altzone;
| #endif
| #endif
| 
|   ;
|   return 0;
| }
configure:3574: result: no
configure:3711: creating ./config.status

## ---------------------- ##
## Running config.status. ##
## ---------------------- ##

This file was extended by Haskell old-time package config.status 1.0, which was
generated by GNU Autoconf 2.69.  Invocation command line was

  CONFIG_FILES    = 
  CONFIG_HEADERS  = 
  CONFIG_LINKS    = 
  CONFIG_COMMANDS = 
  $ ./config.status 

on Twans-MBP.lan

config.status:686: creating include/HsTimeConfig.h
configure:4610: WARNING: unrecognized options: --with-compiler

## ---------------- ##
## Cache variables. ##
## ---------------- ##

ac_cv_c_compiler_gnu=yes
ac_cv_env_CC_set=set
ac_cv_env_CC_value=/usr/bin/gcc
ac_cv_env_CFLAGS_set=set
ac_cv_env_CFLAGS_value=-fno-stack-protector
ac_cv_env_CPPFLAGS_set=
ac_cv_env_CPPFLAGS_value=
ac_cv_env_CPP_set=
ac_cv_env_CPP_value=
ac_cv_env_LDFLAGS_set=
ac_cv_env_LDFLAGS_value=
ac_cv_env_LIBS_set=
ac_cv_env_LIBS_value=
ac_cv_env_build_alias_set=
ac_cv_env_build_alias_value=
ac_cv_env_host_alias_set=
ac_cv_env_host_alias_value=
ac_cv_env_target_alias_set=
ac_cv_env_target_alias_value=
ac_cv_func_ftime=yes
ac_cv_func_gettimeofday=yes
ac_cv_func_gmtime_r=yes
ac_cv_func_localtime_r=yes
ac_cv_have_decl_altzone=no
ac_cv_header_inttypes_h=yes
ac_cv_header_memory_h=yes
ac_cv_header_stdc=yes
ac_cv_header_stdint_h=yes
ac_cv_header_stdlib_h=yes
ac_cv_header_string_h=yes
ac_cv_header_strings_h=yes
ac_cv_header_sys_stat_h=yes
ac_cv_header_sys_time_h=yes
ac_cv_header_sys_timeb_h=yes
ac_cv_header_sys_types_h=yes
ac_cv_header_time=yes
ac_cv_header_time_h=yes
ac_cv_header_unistd_h=yes
ac_cv_member_struct_tm_tm_zone=yes
ac_cv_objext=o
ac_cv_path_EGREP='/usr/bin/grep -E'
ac_cv_path_GREP=/usr/bin/grep
ac_cv_prog_CPP='/usr/bin/gcc -E'
ac_cv_prog_ac_ct_CC=/usr/bin/gcc
ac_cv_prog_cc_c89=
ac_cv_prog_cc_g=yes
ac_cv_struct_tm=time.h

## ----------------- ##
## Output variables. ##
## ----------------- ##

CC='/usr/bin/gcc'
CFLAGS='-fno-stack-protector'
CPP='/usr/bin/gcc -E'
CPPFLAGS=''
DEFS='-DHAVE_CONFIG_H'
ECHO_C='\c'
ECHO_N=''
ECHO_T=''
EGREP='/usr/bin/grep -E'
EXEEXT=''
GREP='/usr/bin/grep'
LDFLAGS=''
LIBOBJS=''
LIBS=''
LTLIBOBJS=''
OBJEXT='o'
PACKAGE_BUGREPORT='libraries@haskell.org'
PACKAGE_NAME='Haskell old-time package'
PACKAGE_STRING='Haskell old-time package 1.0'
PACKAGE_TARNAME='old-time'
PACKAGE_URL=''
PACKAGE_VERSION='1.0'
PATH_SEPARATOR=':'
SHELL='/bin/sh'
ac_ct_CC='/usr/bin/gcc'
bindir='/Users/twanbolwerk/.cabal/store/ghc-8.6.5/ld-tm-1.1.0.3-412d4789/bin'
build_alias=''
datadir='/Users/twanbolwerk/.cabal/store/ghc-8.6.5/ld-tm-1.1.0.3-412d4789/share'
datarootdir='${prefix}/share'
docdir='${datarootdir}/doc/${PACKAGE_TARNAME}'
dvidir='${docdir}'
exec_prefix='${prefix}'
host_alias=''
htmldir='${docdir}'
includedir='${prefix}/include'
infodir='${datarootdir}/info'
libdir='/Users/twanbolwerk/.cabal/store/ghc-8.6.5/ld-tm-1.1.0.3-412d4789/lib'
libexecdir='/Users/twanbolwerk/.cabal/store/ghc-8.6.5/ld-tm-1.1.0.3-412d4789/libexec'
localedir='${datarootdir}/locale'
localstatedir='${prefix}/var'
mandir='${datarootdir}/man'
oldincludedir='/usr/include'
pdfdir='${docdir}'
prefix='/Users/twanbolwerk/.cabal/store/ghc-8.6.5/ld-tm-1.1.0.3-412d4789'
program_transform_name='s,x,x,'
psdir='${docdir}'
sbindir='${exec_prefix}/sbin'
sharedstatedir='${prefix}/com'
sysconfdir='/Users/twanbolwerk/.cabal/store/ghc-8.6.5/ld-tm-1.1.0.3-412d4789/etc'
target_alias=''

## ----------- ##
## confdefs.h. ##
## ----------- ##

/* confdefs.h */
#define PACKAGE_NAME "Haskell old-time package"
#define PACKAGE_TARNAME "old-time"
#define PACKAGE_VERSION "1.0"
#define PACKAGE_STRING "Haskell old-time package 1.0"
#define PACKAGE_BUGREPORT "libraries@haskell.org"
#define PACKAGE_URL ""
#define STDC_HEADERS 1
#define HAVE_SYS_TYPES_H 1
#define HAVE_SYS_STAT_H 1
#define HAVE_STDLIB_H 1
#define HAVE_STRING_H 1
#define HAVE_MEMORY_H 1
#define HAVE_STRINGS_H 1
#define HAVE_INTTYPES_H 1
#define HAVE_STDINT_H 1
#define HAVE_UNISTD_H 1
#define HAVE_SYS_TIME_H 1
#define HAVE_SYS_TIMEB_H 1
#define HAVE_TIME_H 1
#define HAVE_FTIME 1
#define HAVE_GMTIME_R 1
#define HAVE_LOCALTIME_R 1
#define HAVE_GETTIMEOFDAY 1
#define HAVE_STRUCT_TM_TM_ZONE 1
#define HAVE_TM_ZONE 1
#define TIME_WITH_SYS_TIME 1
#define HAVE_SYS_TIME_H 1
#define HAVE_DECL_ALTZONE 0

configure: exit 0
