This file contains any messages produced by compilers while
running configure, to aid debugging if configure makes a mistake.

It was created by Haskell network package configure 3.1.1.0, which was
generated by GNU Autoconf 2.69.  Invocation command line was

  $ //Users/twanbolwerk/Documents/dev/haskellApi/dist-newstyle/tmp/src-4292/network-3.1.2.1/configure --with-compiler=ghc --prefix=/Users/twanbolwerk/.cabal/store/ghc-8.6.5/ntwrk-3.1.2.1-8a45affc --bindir=/Users/twanbolwerk/.cabal/store/ghc-8.6.5/ntwrk-3.1.2.1-8a45affc/bin --libdir=/Users/twanbolwerk/.cabal/store/ghc-8.6.5/ntwrk-3.1.2.1-8a45affc/lib --libexecdir=/Users/twanbolwerk/.cabal/store/ghc-8.6.5/ntwrk-3.1.2.1-8a45affc/libexec --datadir=/Users/twanbolwerk/.cabal/store/ghc-8.6.5/ntwrk-3.1.2.1-8a45affc/share --sysconfdir=/Users/twanbolwerk/.cabal/store/ghc-8.6.5/ntwrk-3.1.2.1-8a45affc/etc CC=/usr/bin/gcc

## --------- ##
## Platform. ##
## --------- ##

hostname = Twans-MBP.lan
uname -m = x86_64
uname -r = 20.3.0
uname -s = Darwin
uname -v = Darwin Kernel Version 20.3.0: Thu Jan 21 00:07:06 PST 2021; root:xnu-7195.81.3~1/RELEASE_X86_64

/usr/bin/uname -p = i386
/bin/uname -X     = unknown

/bin/arch              = unknown
/usr/bin/arch -k       = unknown
/usr/convex/getsysinfo = unknown
/usr/bin/hostinfo      = Mach kernel version:
	 Darwin Kernel Version 20.3.0: Thu Jan 21 00:07:06 PST 2021; root:xnu-7195.81.3~1/RELEASE_X86_64
Kernel configured for up to 16 processors.
8 processors are physically available.
16 processors are logically available.
Processor type: x86_64h (Intel x86-64h Haswell)
Processors active: 0 1 2 3 4 5 6 7 8 9 10 11 12 13 14 15
Primary memory available: 64.00 gigabytes
Default processor set: 619 tasks, 3290 threads, 16 processors
Load average: 12.42, Mach factor: 3.91
/bin/machine           = unknown
/usr/bin/oslevel       = unknown
/bin/universe          = unknown

PATH: /Users/twanbolwerk/.cabal/bin
PATH: /Users/twanbolwerk/.cabal/store/ghc-8.6.5/hsc2hs-0.68.7-ef312401/bin
PATH: /Users/twanbolwerk/.nix-profile/bin
PATH: /Users/twanbolwerk/.cabal/bin
PATH: /Users/twanbolwerk/.ghcup/bin
PATH: /Users/twanbolwerk/.pyenv/shims
PATH: /Library/Frameworks/Python.framework/Versions/3.8/bin
PATH: /opt/local/bin
PATH: /opt/local/sbin
PATH: /Users/twanbolwerk/.cargo/bin
PATH: /Library/Frameworks/Python.framework/Versions/3.8/bin
PATH: /usr/local/bin
PATH: /usr/bin
PATH: /bin
PATH: /usr/sbin
PATH: /sbin
PATH: /Library/TeX/texbin
PATH: /usr/local/share/dotnet
PATH: /opt/X11/bin
PATH: ~/.dotnet/tools
PATH: /Library/Apple/usr/bin
PATH: /Library/Frameworks/Mono.framework/Versions/Current/Commands
PATH: /Users/twanbolwerk/.local/bin
PATH: /usr/local/lib/bazel/bin
PATH: /Users/twanbolwerk/development/tools/flutter/bin
PATH: /Users/twanbolwerk/.dotnet/tools
PATH: /usr/local/bin/gcc-10


## ----------- ##
## Core tests. ##
## ----------- ##

configure:2353: checking build system type
configure:2367: result: x86_64-apple-darwin20.3.0
configure:2387: checking host system type
configure:2400: result: x86_64-apple-darwin20.3.0
configure:2475: checking for gcc
configure:2502: result: /usr/bin/gcc
configure:2731: checking for C compiler version
configure:2740: /usr/bin/gcc --version >&5
Apple clang version 12.0.0 (clang-1200.0.32.29)
Target: x86_64-apple-darwin20.3.0
Thread model: posix
InstalledDir: /Applications/Xcode.app/Contents/Developer/Toolchains/XcodeDefault.xctoolchain/usr/bin
Configured with: --prefix=/Applications/Xcode.app/Contents/Developer/usr --with-gxx-include-dir=/Applications/Xcode.app/Contents/Developer/Platforms/MacOSX.platform/Developer/SDKs/MacOSX.sdk/usr/include/c++/4.2.1
configure:2751: $? = 0
configure:2740: /usr/bin/gcc -v >&5
Configured with: --prefix=/Applications/Xcode.app/Contents/Developer/usr --with-gxx-include-dir=/Applications/Xcode.app/Contents/Developer/Platforms/MacOSX.platform/Developer/SDKs/MacOSX.sdk/usr/include/c++/4.2.1
Apple clang version 12.0.0 (clang-1200.0.32.29)
Target: x86_64-apple-darwin20.3.0
Thread model: posix
InstalledDir: /Applications/Xcode.app/Contents/Developer/Toolchains/XcodeDefault.xctoolchain/usr/bin
configure:2751: $? = 0
configure:2740: /usr/bin/gcc -V >&5
clang: error: argument to '-V' is missing (expected 1 value)
clang: error: no input files
configure:2751: $? = 1
configure:2740: /usr/bin/gcc -qversion >&5
clang: error: unknown argument '-qversion'; did you mean '--version'?
clang: error: no input files
configure:2751: $? = 1
configure:2771: checking whether the C compiler works
configure:2793: /usr/bin/gcc -fno-stack-protector   conftest.c  >&5
configure:2797: $? = 0
configure:2845: result: yes
configure:2848: checking for C compiler default output file name
configure:2850: result: a.out
configure:2856: checking for suffix of executables
configure:2863: /usr/bin/gcc -o conftest -fno-stack-protector   conftest.c  >&5
configure:2867: $? = 0
configure:2889: result: 
configure:2911: checking whether we are cross compiling
configure:2919: /usr/bin/gcc -o conftest -fno-stack-protector   conftest.c  >&5
configure:2923: $? = 0
configure:2930: ./conftest
configure:2934: $? = 0
configure:2949: result: no
configure:2954: checking for suffix of object files
configure:2976: /usr/bin/gcc -c -fno-stack-protector  conftest.c >&5
configure:2980: $? = 0
configure:3001: result: o
configure:3005: checking whether we are using the GNU C compiler
configure:3024: /usr/bin/gcc -c -fno-stack-protector  conftest.c >&5
configure:3024: $? = 0
configure:3033: result: yes
configure:3042: checking whether /usr/bin/gcc accepts -g
configure:3062: /usr/bin/gcc -c -g  conftest.c >&5
configure:3062: $? = 0
configure:3103: result: yes
configure:3120: checking for /usr/bin/gcc option to accept ISO C89
configure:3183: /usr/bin/gcc  -c -fno-stack-protector  conftest.c >&5
configure:3183: $? = 0
configure:3196: result: none needed
configure:3218: checking for an ANSI C-conforming const
configure:3284: /usr/bin/gcc -c -fno-stack-protector  conftest.c >&5
configure:3284: $? = 0
configure:3291: result: yes
configure:3305: checking how to run the C preprocessor
configure:3336: /usr/bin/gcc -E  conftest.c
configure:3336: $? = 0
configure:3350: /usr/bin/gcc -E  conftest.c
conftest.c:9:10: fatal error: 'ac_nonexistent.h' file not found
#include <ac_nonexistent.h>
         ^~~~~~~~~~~~~~~~~~
1 error generated.
configure:3350: $? = 1
configure: failed program was:
| /* confdefs.h */
| #define PACKAGE_NAME "Haskell network package"
| #define PACKAGE_TARNAME "network"
| #define PACKAGE_VERSION "3.1.1.0"
| #define PACKAGE_STRING "Haskell network package 3.1.1.0"
| #define PACKAGE_BUGREPORT "libraries@haskell.org"
| #define PACKAGE_URL ""
| /* end confdefs.h.  */
| #include <ac_nonexistent.h>
configure:3375: result: /usr/bin/gcc -E
configure:3395: /usr/bin/gcc -E  conftest.c
configure:3395: $? = 0
configure:3409: /usr/bin/gcc -E  conftest.c
conftest.c:9:10: fatal error: 'ac_nonexistent.h' file not found
#include <ac_nonexistent.h>
         ^~~~~~~~~~~~~~~~~~
1 error generated.
configure:3409: $? = 1
configure: failed program was:
| /* confdefs.h */
| #define PACKAGE_NAME "Haskell network package"
| #define PACKAGE_TARNAME "network"
| #define PACKAGE_VERSION "3.1.1.0"
| #define PACKAGE_STRING "Haskell network package 3.1.1.0"
| #define PACKAGE_BUGREPORT "libraries@haskell.org"
| #define PACKAGE_URL ""
| /* end confdefs.h.  */
| #include <ac_nonexistent.h>
configure:3438: checking for grep that handles long lines and -e
configure:3496: result: /usr/bin/grep
configure:3501: checking for egrep
configure:3563: result: /usr/bin/grep -E
configure:3568: checking for ANSI C header files
configure:3588: /usr/bin/gcc -c -fno-stack-protector  conftest.c >&5
configure:3588: $? = 0
configure:3661: /usr/bin/gcc -o conftest -fno-stack-protector   conftest.c  >&5
configure:3661: $? = 0
configure:3661: ./conftest
configure:3661: $? = 0
configure:3672: result: yes
configure:3685: checking for sys/types.h
configure:3685: /usr/bin/gcc -c -fno-stack-protector  conftest.c >&5
configure:3685: $? = 0
configure:3685: result: yes
configure:3685: checking for sys/stat.h
configure:3685: /usr/bin/gcc -c -fno-stack-protector  conftest.c >&5
configure:3685: $? = 0
configure:3685: result: yes
configure:3685: checking for stdlib.h
configure:3685: /usr/bin/gcc -c -fno-stack-protector  conftest.c >&5
configure:3685: $? = 0
configure:3685: result: yes
configure:3685: checking for string.h
configure:3685: /usr/bin/gcc -c -fno-stack-protector  conftest.c >&5
configure:3685: $? = 0
configure:3685: result: yes
configure:3685: checking for memory.h
configure:3685: /usr/bin/gcc -c -fno-stack-protector  conftest.c >&5
configure:3685: $? = 0
configure:3685: result: yes
configure:3685: checking for strings.h
configure:3685: /usr/bin/gcc -c -fno-stack-protector  conftest.c >&5
configure:3685: $? = 0
configure:3685: result: yes
configure:3685: checking for inttypes.h
configure:3685: /usr/bin/gcc -c -fno-stack-protector  conftest.c >&5
configure:3685: $? = 0
configure:3685: result: yes
configure:3685: checking for stdint.h
configure:3685: /usr/bin/gcc -c -fno-stack-protector  conftest.c >&5
configure:3685: $? = 0
configure:3685: result: yes
configure:3685: checking for unistd.h
configure:3685: /usr/bin/gcc -c -fno-stack-protector  conftest.c >&5
configure:3685: $? = 0
configure:3685: result: yes
configure:3700: checking limits.h usability
configure:3700: /usr/bin/gcc -c -fno-stack-protector  conftest.c >&5
configure:3700: $? = 0
configure:3700: result: yes
configure:3700: checking limits.h presence
configure:3700: /usr/bin/gcc -E  conftest.c
configure:3700: $? = 0
configure:3700: result: yes
configure:3700: checking for limits.h
configure:3700: result: yes
configure:3700: checking for stdlib.h
configure:3700: result: yes
configure:3700: checking for unistd.h
configure:3700: result: yes
configure:3700: checking for sys/types.h
configure:3700: result: yes
configure:3700: checking fcntl.h usability
configure:3700: /usr/bin/gcc -c -fno-stack-protector  conftest.c >&5
configure:3700: $? = 0
configure:3700: result: yes
configure:3700: checking fcntl.h presence
configure:3700: /usr/bin/gcc -E  conftest.c
configure:3700: $? = 0
configure:3700: result: yes
configure:3700: checking for fcntl.h
configure:3700: result: yes
configure:3713: checking sys/uio.h usability
configure:3713: /usr/bin/gcc -c -fno-stack-protector  conftest.c >&5
configure:3713: $? = 0
configure:3713: result: yes
configure:3713: checking sys/uio.h presence
configure:3713: /usr/bin/gcc -E  conftest.c
configure:3713: $? = 0
configure:3713: result: yes
configure:3713: checking for sys/uio.h
configure:3713: result: yes
configure:3713: checking sys/socket.h usability
configure:3713: /usr/bin/gcc -c -fno-stack-protector  conftest.c >&5
configure:3713: $? = 0
configure:3713: result: yes
configure:3713: checking sys/socket.h presence
configure:3713: /usr/bin/gcc -E  conftest.c
configure:3713: $? = 0
configure:3713: result: yes
configure:3713: checking for sys/socket.h
configure:3713: result: yes
configure:3713: checking netinet/in.h usability
configure:3713: /usr/bin/gcc -c -fno-stack-protector  conftest.c >&5
configure:3713: $? = 0
configure:3713: result: yes
configure:3713: checking netinet/in.h presence
configure:3713: /usr/bin/gcc -E  conftest.c
configure:3713: $? = 0
configure:3713: result: yes
configure:3713: checking for netinet/in.h
configure:3713: result: yes
configure:3713: checking netinet/tcp.h usability
configure:3713: /usr/bin/gcc -c -fno-stack-protector  conftest.c >&5
configure:3713: $? = 0
configure:3713: result: yes
configure:3713: checking netinet/tcp.h presence
configure:3713: /usr/bin/gcc -E  conftest.c
configure:3713: $? = 0
configure:3713: result: yes
configure:3713: checking for netinet/tcp.h
configure:3713: result: yes
configure:3726: checking sys/un.h usability
configure:3726: /usr/bin/gcc -c -fno-stack-protector  conftest.c >&5
configure:3726: $? = 0
configure:3726: result: yes
configure:3726: checking sys/un.h presence
configure:3726: /usr/bin/gcc -E  conftest.c
configure:3726: $? = 0
configure:3726: result: yes
configure:3726: checking for sys/un.h
configure:3726: result: yes
configure:3726: checking arpa/inet.h usability
configure:3726: /usr/bin/gcc -c -fno-stack-protector  conftest.c >&5
configure:3726: $? = 0
configure:3726: result: yes
configure:3726: checking arpa/inet.h presence
configure:3726: /usr/bin/gcc -E  conftest.c
configure:3726: $? = 0
configure:3726: result: yes
configure:3726: checking for arpa/inet.h
configure:3726: result: yes
configure:3726: checking netdb.h usability
configure:3726: /usr/bin/gcc -c -fno-stack-protector  conftest.c >&5
configure:3726: $? = 0
configure:3726: result: yes
configure:3726: checking netdb.h presence
configure:3726: /usr/bin/gcc -E  conftest.c
configure:3726: $? = 0
configure:3726: result: yes
configure:3726: checking for netdb.h
configure:3726: result: yes
configure:3739: checking net/if.h usability
configure:3739: /usr/bin/gcc -c -fno-stack-protector  conftest.c >&5
configure:3739: $? = 0
configure:3739: result: yes
configure:3739: checking net/if.h presence
configure:3739: /usr/bin/gcc -E  conftest.c
configure:3739: $? = 0
configure:3739: result: yes
configure:3739: checking for net/if.h
configure:3739: result: yes
configure:3739: checking netioapi.h usability
configure:3739: /usr/bin/gcc -c -fno-stack-protector  conftest.c >&5
conftest.c:116:10: fatal error: 'netioapi.h' file not found
#include <netioapi.h>
         ^~~~~~~~~~~~
1 error generated.
configure:3739: $? = 1
configure: failed program was:
| /* confdefs.h */
| #define PACKAGE_NAME "Haskell network package"
| #define PACKAGE_TARNAME "network"
| #define PACKAGE_VERSION "3.1.1.0"
| #define PACKAGE_STRING "Haskell network package 3.1.1.0"
| #define PACKAGE_BUGREPORT "libraries@haskell.org"
| #define PACKAGE_URL ""
| #define STDC_HEADERS 1
| #define HAVE_SYS_TYPES_H 1
| #define HAVE_SYS_STAT_H 1
| #define HAVE_STDLIB_H 1
| #define HAVE_STRING_H 1
| #define HAVE_MEMORY_H 1
| #define HAVE_STRINGS_H 1
| #define HAVE_INTTYPES_H 1
| #define HAVE_STDINT_H 1
| #define HAVE_UNISTD_H 1
| #define HAVE_LIMITS_H 1
| #define HAVE_STDLIB_H 1
| #define HAVE_UNISTD_H 1
| #define HAVE_SYS_TYPES_H 1
| #define HAVE_FCNTL_H 1
| #define HAVE_SYS_UIO_H 1
| #define HAVE_SYS_SOCKET_H 1
| #define HAVE_NETINET_IN_H 1
| #define HAVE_NETINET_TCP_H 1
| #define HAVE_SYS_UN_H 1
| #define HAVE_ARPA_INET_H 1
| #define HAVE_NETDB_H 1
| #define HAVE_NET_IF_H 1
| /* end confdefs.h.  */
| #define _GNU_SOURCE 1  /* for struct ucred on Linux */
| #include <stdio.h>
| #ifdef HAVE_SYS_TYPES_H
| # include <sys/types.h>
| #endif
| #ifdef HAVE_SYS_STAT_H
| # include <sys/stat.h>
| #endif
| #ifdef STDC_HEADERS
| # include <stdlib.h>
| # include <stddef.h>
| #else
| # ifdef HAVE_STDLIB_H
| #  include <stdlib.h>
| # endif
| #endif
| #ifdef HAVE_STRING_H
| # if !defined STDC_HEADERS && defined HAVE_MEMORY_H
| #  include <memory.h>
| # endif
| # include <string.h>
| #endif
| #ifdef HAVE_STRINGS_H
| # include <strings.h>
| #endif
| #ifdef HAVE_INTTYPES_H
| # include <inttypes.h>
| #endif
| #ifdef HAVE_STDINT_H
| # include <stdint.h>
| #endif
| #ifdef HAVE_UNISTD_H
| # include <unistd.h>
| #endif
| 
| #ifdef _WIN32
| # include <winsock2.h>
| # include <ws2tcpip.h>
| # define IPV6_V6ONLY 27
| #endif
| 
| #ifdef HAVE_LIMITS_H
| # include <limits.h>
| #endif
| #ifdef HAVE_STDLIB_H
| # include <stdlib.h>
| #endif
| #ifdef HAVE_UNISTD_H
| #include <unistd.h>
| #endif
| #ifdef HAVE_SYS_TYPES_H
| # include <sys/types.h>
| #endif
| #ifdef HAVE_FCNTL_H
| # include <fcntl.h>
| #endif
| #ifdef HAVE_SYS_UIO_H
| # include <sys/uio.h>
| #endif
| #ifdef HAVE_SYS_SOCKET_H
| # include <sys/socket.h>
| #endif
| #ifdef HAVE_NETINET_IN_H
| # include <netinet/in.h>
| #endif
| #ifdef HAVE_NETINET_TCP_H
| # include <netinet/tcp.h>
| #endif
| #ifdef HAVE_SYS_UN_H
| # include <sys/un.h>
| #endif
| #ifdef HAVE_ARPA_INET_H
| # include <arpa/inet.h>
| #endif
| #ifdef HAVE_NETDB_H
| #include <netdb.h>
| #endif
| #ifdef HAVE_NET_IF_H
| # include <net/if.h>
| #endif
| #ifdef HAVE_NETIOAPI_H
| # include <netioapi.h>
| #endif
| 
| #include <netioapi.h>
configure:3739: result: no
configure:3739: checking netioapi.h presence
configure:3739: /usr/bin/gcc -E  conftest.c
conftest.c:32:10: fatal error: 'netioapi.h' file not found
#include <netioapi.h>
         ^~~~~~~~~~~~
1 error generated.
configure:3739: $? = 1
configure: failed program was:
| /* confdefs.h */
| #define PACKAGE_NAME "Haskell network package"
| #define PACKAGE_TARNAME "network"
| #define PACKAGE_VERSION "3.1.1.0"
| #define PACKAGE_STRING "Haskell network package 3.1.1.0"
| #define PACKAGE_BUGREPORT "libraries@haskell.org"
| #define PACKAGE_URL ""
| #define STDC_HEADERS 1
| #define HAVE_SYS_TYPES_H 1
| #define HAVE_SYS_STAT_H 1
| #define HAVE_STDLIB_H 1
| #define HAVE_STRING_H 1
| #define HAVE_MEMORY_H 1
| #define HAVE_STRINGS_H 1
| #define HAVE_INTTYPES_H 1
| #define HAVE_STDINT_H 1
| #define HAVE_UNISTD_H 1
| #define HAVE_LIMITS_H 1
| #define HAVE_STDLIB_H 1
| #define HAVE_UNISTD_H 1
| #define HAVE_SYS_TYPES_H 1
| #define HAVE_FCNTL_H 1
| #define HAVE_SYS_UIO_H 1
| #define HAVE_SYS_SOCKET_H 1
| #define HAVE_NETINET_IN_H 1
| #define HAVE_NETINET_TCP_H 1
| #define HAVE_SYS_UN_H 1
| #define HAVE_ARPA_INET_H 1
| #define HAVE_NETDB_H 1
| #define HAVE_NET_IF_H 1
| /* end confdefs.h.  */
| #include <netioapi.h>
configure:3739: result: no
configure:3739: checking for netioapi.h
configure:3739: result: no
configure:3750: checking for struct ucred
configure:3750: /usr/bin/gcc -c -fno-stack-protector  conftest.c >&5
conftest.c:119:5: error: invalid application of 'sizeof' to an incomplete type 'struct ucred'
if (sizeof (struct ucred))
    ^      ~~~~~~~~~~~~~~
conftest.c:119:20: note: forward declaration of 'struct ucred'
if (sizeof (struct ucred))
                   ^
1 error generated.
configure:3750: $? = 1
configure: failed program was:
| /* confdefs.h */
| #define PACKAGE_NAME "Haskell network package"
| #define PACKAGE_TARNAME "network"
| #define PACKAGE_VERSION "3.1.1.0"
| #define PACKAGE_STRING "Haskell network package 3.1.1.0"
| #define PACKAGE_BUGREPORT "libraries@haskell.org"
| #define PACKAGE_URL ""
| #define STDC_HEADERS 1
| #define HAVE_SYS_TYPES_H 1
| #define HAVE_SYS_STAT_H 1
| #define HAVE_STDLIB_H 1
| #define HAVE_STRING_H 1
| #define HAVE_MEMORY_H 1
| #define HAVE_STRINGS_H 1
| #define HAVE_INTTYPES_H 1
| #define HAVE_STDINT_H 1
| #define HAVE_UNISTD_H 1
| #define HAVE_LIMITS_H 1
| #define HAVE_STDLIB_H 1
| #define HAVE_UNISTD_H 1
| #define HAVE_SYS_TYPES_H 1
| #define HAVE_FCNTL_H 1
| #define HAVE_SYS_UIO_H 1
| #define HAVE_SYS_SOCKET_H 1
| #define HAVE_NETINET_IN_H 1
| #define HAVE_NETINET_TCP_H 1
| #define HAVE_SYS_UN_H 1
| #define HAVE_ARPA_INET_H 1
| #define HAVE_NETDB_H 1
| #define HAVE_NET_IF_H 1
| /* end confdefs.h.  */
| #define _GNU_SOURCE 1  /* for struct ucred on Linux */
| #include <stdio.h>
| #ifdef HAVE_SYS_TYPES_H
| # include <sys/types.h>
| #endif
| #ifdef HAVE_SYS_STAT_H
| # include <sys/stat.h>
| #endif
| #ifdef STDC_HEADERS
| # include <stdlib.h>
| # include <stddef.h>
| #else
| # ifdef HAVE_STDLIB_H
| #  include <stdlib.h>
| # endif
| #endif
| #ifdef HAVE_STRING_H
| # if !defined STDC_HEADERS && defined HAVE_MEMORY_H
| #  include <memory.h>
| # endif
| # include <string.h>
| #endif
| #ifdef HAVE_STRINGS_H
| # include <strings.h>
| #endif
| #ifdef HAVE_INTTYPES_H
| # include <inttypes.h>
| #endif
| #ifdef HAVE_STDINT_H
| # include <stdint.h>
| #endif
| #ifdef HAVE_UNISTD_H
| # include <unistd.h>
| #endif
| 
| #ifdef _WIN32
| # include <winsock2.h>
| # include <ws2tcpip.h>
| # define IPV6_V6ONLY 27
| #endif
| 
| #ifdef HAVE_LIMITS_H
| # include <limits.h>
| #endif
| #ifdef HAVE_STDLIB_H
| # include <stdlib.h>
| #endif
| #ifdef HAVE_UNISTD_H
| #include <unistd.h>
| #endif
| #ifdef HAVE_SYS_TYPES_H
| # include <sys/types.h>
| #endif
| #ifdef HAVE_FCNTL_H
| # include <fcntl.h>
| #endif
| #ifdef HAVE_SYS_UIO_H
| # include <sys/uio.h>
| #endif
| #ifdef HAVE_SYS_SOCKET_H
| # include <sys/socket.h>
| #endif
| #ifdef HAVE_NETINET_IN_H
| # include <netinet/in.h>
| #endif
| #ifdef HAVE_NETINET_TCP_H
| # include <netinet/tcp.h>
| #endif
| #ifdef HAVE_SYS_UN_H
| # include <sys/un.h>
| #endif
| #ifdef HAVE_ARPA_INET_H
| # include <arpa/inet.h>
| #endif
| #ifdef HAVE_NETDB_H
| #include <netdb.h>
| #endif
| #ifdef HAVE_NET_IF_H
| # include <net/if.h>
| #endif
| #ifdef HAVE_NETIOAPI_H
| # include <netioapi.h>
| #endif
| 
| int
| main ()
| {
| if (sizeof (struct ucred))
| 	 return 0;
|   ;
|   return 0;
| }
configure:3750: result: no
configure:3764: checking for gai_strerror
configure:3764: /usr/bin/gcc -o conftest -fno-stack-protector   conftest.c  >&5
configure:3764: $? = 0
configure:3764: result: yes
configure:3764: checking for gethostent
configure:3764: /usr/bin/gcc -o conftest -fno-stack-protector   conftest.c  >&5
configure:3764: $? = 0
configure:3764: result: yes
configure:3764: checking for accept4
configure:3764: /usr/bin/gcc -o conftest -fno-stack-protector   conftest.c  >&5
Undefined symbols for architecture x86_64:
  "_accept4", referenced from:
      _main in conftest-e83c71.o
ld: symbol(s) not found for architecture x86_64
clang: error: linker command failed with exit code 1 (use -v to see invocation)
configure:3764: $? = 1
configure: failed program was:
| /* confdefs.h */
| #define PACKAGE_NAME "Haskell network package"
| #define PACKAGE_TARNAME "network"
| #define PACKAGE_VERSION "3.1.1.0"
| #define PACKAGE_STRING "Haskell network package 3.1.1.0"
| #define PACKAGE_BUGREPORT "libraries@haskell.org"
| #define PACKAGE_URL ""
| #define STDC_HEADERS 1
| #define HAVE_SYS_TYPES_H 1
| #define HAVE_SYS_STAT_H 1
| #define HAVE_STDLIB_H 1
| #define HAVE_STRING_H 1
| #define HAVE_MEMORY_H 1
| #define HAVE_STRINGS_H 1
| #define HAVE_INTTYPES_H 1
| #define HAVE_STDINT_H 1
| #define HAVE_UNISTD_H 1
| #define HAVE_LIMITS_H 1
| #define HAVE_STDLIB_H 1
| #define HAVE_UNISTD_H 1
| #define HAVE_SYS_TYPES_H 1
| #define HAVE_FCNTL_H 1
| #define HAVE_SYS_UIO_H 1
| #define HAVE_SYS_SOCKET_H 1
| #define HAVE_NETINET_IN_H 1
| #define HAVE_NETINET_TCP_H 1
| #define HAVE_SYS_UN_H 1
| #define HAVE_ARPA_INET_H 1
| #define HAVE_NETDB_H 1
| #define HAVE_NET_IF_H 1
| #define HAVE_GAI_STRERROR 1
| #define HAVE_GETHOSTENT 1
| /* end confdefs.h.  */
| /* Define accept4 to an innocuous variant, in case <limits.h> declares accept4.
|    For example, HP-UX 11i <limits.h> declares gettimeofday.  */
| #define accept4 innocuous_accept4
| 
| /* System header to define __stub macros and hopefully few prototypes,
|     which can conflict with char accept4 (); below.
|     Prefer <limits.h> to <assert.h> if __STDC__ is defined, since
|     <limits.h> exists even on freestanding compilers.  */
| 
| #ifdef __STDC__
| # include <limits.h>
| #else
| # include <assert.h>
| #endif
| 
| #undef accept4
| 
| /* Override any GCC internal prototype to avoid an error.
|    Use char because int might match the return type of a GCC
|    builtin and then its argument prototype would still apply.  */
| #ifdef __cplusplus
| extern "C"
| #endif
| char accept4 ();
| /* The GNU C library defines this for functions which it implements
|     to always fail with ENOSYS.  Some functions are actually named
|     something starting with __ and the normal name is an alias.  */
| #if defined __stub_accept4 || defined __stub___accept4
| choke me
| #endif
| 
| int
| main ()
| {
| return accept4 ();
|   ;
|   return 0;
| }
configure:3764: result: no
configure:3775: checking for getpeereid
configure:3775: /usr/bin/gcc -o conftest -fno-stack-protector   conftest.c  >&5
configure:3775: $? = 0
configure:3775: result: yes
configure:3785: checking whether AI_ADDRCONFIG is declared
configure:3785: /usr/bin/gcc -c -fno-stack-protector  conftest.c >&5
configure:3785: $? = 0
configure:3785: result: yes
configure:3795: checking whether AI_ALL is declared
configure:3795: /usr/bin/gcc -c -fno-stack-protector  conftest.c >&5
configure:3795: $? = 0
configure:3795: result: yes
configure:3805: checking whether AI_NUMERICSERV is declared
configure:3805: /usr/bin/gcc -c -fno-stack-protector  conftest.c >&5
configure:3805: $? = 0
configure:3805: result: yes
configure:3815: checking whether AI_V4MAPPED is declared
configure:3815: /usr/bin/gcc -c -fno-stack-protector  conftest.c >&5
configure:3815: $? = 0
configure:3815: result: yes
configure:3826: checking whether IPV6_V6ONLY is declared
configure:3826: /usr/bin/gcc -c -fno-stack-protector  conftest.c >&5
configure:3826: $? = 0
configure:3826: result: yes
configure:3837: checking whether IPPROTO_IP is declared
configure:3837: /usr/bin/gcc -c -fno-stack-protector  conftest.c >&5
configure:3837: $? = 0
configure:3837: result: yes
configure:3847: checking whether IPPROTO_TCP is declared
configure:3847: /usr/bin/gcc -c -fno-stack-protector  conftest.c >&5
configure:3847: $? = 0
configure:3847: result: yes
configure:3857: checking whether IPPROTO_IPV6 is declared
configure:3857: /usr/bin/gcc -c -fno-stack-protector  conftest.c >&5
configure:3857: $? = 0
configure:3857: result: yes
configure:3868: checking whether SO_PEERCRED is declared
configure:3868: /usr/bin/gcc -c -fno-stack-protector  conftest.c >&5
conftest.c:134:10: error: use of undeclared identifier 'SO_PEERCRED'
  (void) SO_PEERCRED;
         ^
1 error generated.
configure:3868: $? = 1
configure: failed program was:
| /* confdefs.h */
| #define PACKAGE_NAME "Haskell network package"
| #define PACKAGE_TARNAME "network"
| #define PACKAGE_VERSION "3.1.1.0"
| #define PACKAGE_STRING "Haskell network package 3.1.1.0"
| #define PACKAGE_BUGREPORT "libraries@haskell.org"
| #define PACKAGE_URL ""
| #define STDC_HEADERS 1
| #define HAVE_SYS_TYPES_H 1
| #define HAVE_SYS_STAT_H 1
| #define HAVE_STDLIB_H 1
| #define HAVE_STRING_H 1
| #define HAVE_MEMORY_H 1
| #define HAVE_STRINGS_H 1
| #define HAVE_INTTYPES_H 1
| #define HAVE_STDINT_H 1
| #define HAVE_UNISTD_H 1
| #define HAVE_LIMITS_H 1
| #define HAVE_STDLIB_H 1
| #define HAVE_UNISTD_H 1
| #define HAVE_SYS_TYPES_H 1
| #define HAVE_FCNTL_H 1
| #define HAVE_SYS_UIO_H 1
| #define HAVE_SYS_SOCKET_H 1
| #define HAVE_NETINET_IN_H 1
| #define HAVE_NETINET_TCP_H 1
| #define HAVE_SYS_UN_H 1
| #define HAVE_ARPA_INET_H 1
| #define HAVE_NETDB_H 1
| #define HAVE_NET_IF_H 1
| #define HAVE_GAI_STRERROR 1
| #define HAVE_GETHOSTENT 1
| #define HAVE_GETPEEREID 1
| #define HAVE_DECL_AI_ADDRCONFIG 1
| #define HAVE_DECL_AI_ALL 1
| #define HAVE_DECL_AI_NUMERICSERV 1
| #define HAVE_DECL_AI_V4MAPPED 1
| #define HAVE_DECL_IPV6_V6ONLY 1
| #define HAVE_DECL_IPPROTO_IP 1
| #define HAVE_DECL_IPPROTO_TCP 1
| #define HAVE_DECL_IPPROTO_IPV6 1
| /* end confdefs.h.  */
| #define _GNU_SOURCE 1  /* for struct ucred on Linux */
| #include <stdio.h>
| #ifdef HAVE_SYS_TYPES_H
| # include <sys/types.h>
| #endif
| #ifdef HAVE_SYS_STAT_H
| # include <sys/stat.h>
| #endif
| #ifdef STDC_HEADERS
| # include <stdlib.h>
| # include <stddef.h>
| #else
| # ifdef HAVE_STDLIB_H
| #  include <stdlib.h>
| # endif
| #endif
| #ifdef HAVE_STRING_H
| # if !defined STDC_HEADERS && defined HAVE_MEMORY_H
| #  include <memory.h>
| # endif
| # include <string.h>
| #endif
| #ifdef HAVE_STRINGS_H
| # include <strings.h>
| #endif
| #ifdef HAVE_INTTYPES_H
| # include <inttypes.h>
| #endif
| #ifdef HAVE_STDINT_H
| # include <stdint.h>
| #endif
| #ifdef HAVE_UNISTD_H
| # include <unistd.h>
| #endif
| 
| #ifdef _WIN32
| # include <winsock2.h>
| # include <ws2tcpip.h>
| # define IPV6_V6ONLY 27
| #endif
| 
| #ifdef HAVE_LIMITS_H
| # include <limits.h>
| #endif
| #ifdef HAVE_STDLIB_H
| # include <stdlib.h>
| #endif
| #ifdef HAVE_UNISTD_H
| #include <unistd.h>
| #endif
| #ifdef HAVE_SYS_TYPES_H
| # include <sys/types.h>
| #endif
| #ifdef HAVE_FCNTL_H
| # include <fcntl.h>
| #endif
| #ifdef HAVE_SYS_UIO_H
| # include <sys/uio.h>
| #endif
| #ifdef HAVE_SYS_SOCKET_H
| # include <sys/socket.h>
| #endif
| #ifdef HAVE_NETINET_IN_H
| # include <netinet/in.h>
| #endif
| #ifdef HAVE_NETINET_TCP_H
| # include <netinet/tcp.h>
| #endif
| #ifdef HAVE_SYS_UN_H
| # include <sys/un.h>
| #endif
| #ifdef HAVE_ARPA_INET_H
| # include <arpa/inet.h>
| #endif
| #ifdef HAVE_NETDB_H
| #include <netdb.h>
| #endif
| #ifdef HAVE_NET_IF_H
| # include <net/if.h>
| #endif
| #ifdef HAVE_NETIOAPI_H
| # include <netioapi.h>
| #endif
| 
| int
| main ()
| {
| #ifndef SO_PEERCRED
| #ifdef __cplusplus
|   (void) SO_PEERCRED;
| #else
|   (void) SO_PEERCRED;
| #endif
| #endif
| 
|   ;
|   return 0;
| }
configure:3868: result: no
configure:3880: checking for struct msghdr.msg_control
configure:3880: /usr/bin/gcc -c -fno-stack-protector  conftest.c >&5
configure:3880: $? = 0
configure:3880: result: yes
configure:3889: checking for struct msghdr.msg_accrights
configure:3889: /usr/bin/gcc -c -fno-stack-protector  conftest.c >&5
conftest.c:133:13: error: no member named 'msg_accrights' in 'struct msghdr'
if (ac_aggr.msg_accrights)
    ~~~~~~~ ^
1 error generated.
configure:3889: $? = 1
configure: failed program was:
| /* confdefs.h */
| #define PACKAGE_NAME "Haskell network package"
| #define PACKAGE_TARNAME "network"
| #define PACKAGE_VERSION "3.1.1.0"
| #define PACKAGE_STRING "Haskell network package 3.1.1.0"
| #define PACKAGE_BUGREPORT "libraries@haskell.org"
| #define PACKAGE_URL ""
| #define STDC_HEADERS 1
| #define HAVE_SYS_TYPES_H 1
| #define HAVE_SYS_STAT_H 1
| #define HAVE_STDLIB_H 1
| #define HAVE_STRING_H 1
| #define HAVE_MEMORY_H 1
| #define HAVE_STRINGS_H 1
| #define HAVE_INTTYPES_H 1
| #define HAVE_STDINT_H 1
| #define HAVE_UNISTD_H 1
| #define HAVE_LIMITS_H 1
| #define HAVE_STDLIB_H 1
| #define HAVE_UNISTD_H 1
| #define HAVE_SYS_TYPES_H 1
| #define HAVE_FCNTL_H 1
| #define HAVE_SYS_UIO_H 1
| #define HAVE_SYS_SOCKET_H 1
| #define HAVE_NETINET_IN_H 1
| #define HAVE_NETINET_TCP_H 1
| #define HAVE_SYS_UN_H 1
| #define HAVE_ARPA_INET_H 1
| #define HAVE_NETDB_H 1
| #define HAVE_NET_IF_H 1
| #define HAVE_GAI_STRERROR 1
| #define HAVE_GETHOSTENT 1
| #define HAVE_GETPEEREID 1
| #define HAVE_DECL_AI_ADDRCONFIG 1
| #define HAVE_DECL_AI_ALL 1
| #define HAVE_DECL_AI_NUMERICSERV 1
| #define HAVE_DECL_AI_V4MAPPED 1
| #define HAVE_DECL_IPV6_V6ONLY 1
| #define HAVE_DECL_IPPROTO_IP 1
| #define HAVE_DECL_IPPROTO_TCP 1
| #define HAVE_DECL_IPPROTO_IPV6 1
| #define HAVE_DECL_SO_PEERCRED 0
| #define HAVE_STRUCT_MSGHDR_MSG_CONTROL 1
| /* end confdefs.h.  */
| #define _GNU_SOURCE 1  /* for struct ucred on Linux */
| #include <stdio.h>
| #ifdef HAVE_SYS_TYPES_H
| # include <sys/types.h>
| #endif
| #ifdef HAVE_SYS_STAT_H
| # include <sys/stat.h>
| #endif
| #ifdef STDC_HEADERS
| # include <stdlib.h>
| # include <stddef.h>
| #else
| # ifdef HAVE_STDLIB_H
| #  include <stdlib.h>
| # endif
| #endif
| #ifdef HAVE_STRING_H
| # if !defined STDC_HEADERS && defined HAVE_MEMORY_H
| #  include <memory.h>
| # endif
| # include <string.h>
| #endif
| #ifdef HAVE_STRINGS_H
| # include <strings.h>
| #endif
| #ifdef HAVE_INTTYPES_H
| # include <inttypes.h>
| #endif
| #ifdef HAVE_STDINT_H
| # include <stdint.h>
| #endif
| #ifdef HAVE_UNISTD_H
| # include <unistd.h>
| #endif
| 
| #ifdef _WIN32
| # include <winsock2.h>
| # include <ws2tcpip.h>
| # define IPV6_V6ONLY 27
| #endif
| 
| #ifdef HAVE_LIMITS_H
| # include <limits.h>
| #endif
| #ifdef HAVE_STDLIB_H
| # include <stdlib.h>
| #endif
| #ifdef HAVE_UNISTD_H
| #include <unistd.h>
| #endif
| #ifdef HAVE_SYS_TYPES_H
| # include <sys/types.h>
| #endif
| #ifdef HAVE_FCNTL_H
| # include <fcntl.h>
| #endif
| #ifdef HAVE_SYS_UIO_H
| # include <sys/uio.h>
| #endif
| #ifdef HAVE_SYS_SOCKET_H
| # include <sys/socket.h>
| #endif
| #ifdef HAVE_NETINET_IN_H
| # include <netinet/in.h>
| #endif
| #ifdef HAVE_NETINET_TCP_H
| # include <netinet/tcp.h>
| #endif
| #ifdef HAVE_SYS_UN_H
| # include <sys/un.h>
| #endif
| #ifdef HAVE_ARPA_INET_H
| # include <arpa/inet.h>
| #endif
| #ifdef HAVE_NETDB_H
| #include <netdb.h>
| #endif
| #ifdef HAVE_NET_IF_H
| # include <net/if.h>
| #endif
| #ifdef HAVE_NETIOAPI_H
| # include <netioapi.h>
| #endif
| 
| int
| main ()
| {
| static struct msghdr ac_aggr;
| if (ac_aggr.msg_accrights)
| return 0;
|   ;
|   return 0;
| }
configure:3889: /usr/bin/gcc -c -fno-stack-protector  conftest.c >&5
conftest.c:133:20: error: no member named 'msg_accrights' in 'struct msghdr'
if (sizeof ac_aggr.msg_accrights)
           ~~~~~~~ ^
1 error generated.
configure:3889: $? = 1
configure: failed program was:
| /* confdefs.h */
| #define PACKAGE_NAME "Haskell network package"
| #define PACKAGE_TARNAME "network"
| #define PACKAGE_VERSION "3.1.1.0"
| #define PACKAGE_STRING "Haskell network package 3.1.1.0"
| #define PACKAGE_BUGREPORT "libraries@haskell.org"
| #define PACKAGE_URL ""
| #define STDC_HEADERS 1
| #define HAVE_SYS_TYPES_H 1
| #define HAVE_SYS_STAT_H 1
| #define HAVE_STDLIB_H 1
| #define HAVE_STRING_H 1
| #define HAVE_MEMORY_H 1
| #define HAVE_STRINGS_H 1
| #define HAVE_INTTYPES_H 1
| #define HAVE_STDINT_H 1
| #define HAVE_UNISTD_H 1
| #define HAVE_LIMITS_H 1
| #define HAVE_STDLIB_H 1
| #define HAVE_UNISTD_H 1
| #define HAVE_SYS_TYPES_H 1
| #define HAVE_FCNTL_H 1
| #define HAVE_SYS_UIO_H 1
| #define HAVE_SYS_SOCKET_H 1
| #define HAVE_NETINET_IN_H 1
| #define HAVE_NETINET_TCP_H 1
| #define HAVE_SYS_UN_H 1
| #define HAVE_ARPA_INET_H 1
| #define HAVE_NETDB_H 1
| #define HAVE_NET_IF_H 1
| #define HAVE_GAI_STRERROR 1
| #define HAVE_GETHOSTENT 1
| #define HAVE_GETPEEREID 1
| #define HAVE_DECL_AI_ADDRCONFIG 1
| #define HAVE_DECL_AI_ALL 1
| #define HAVE_DECL_AI_NUMERICSERV 1
| #define HAVE_DECL_AI_V4MAPPED 1
| #define HAVE_DECL_IPV6_V6ONLY 1
| #define HAVE_DECL_IPPROTO_IP 1
| #define HAVE_DECL_IPPROTO_TCP 1
| #define HAVE_DECL_IPPROTO_IPV6 1
| #define HAVE_DECL_SO_PEERCRED 0
| #define HAVE_STRUCT_MSGHDR_MSG_CONTROL 1
| /* end confdefs.h.  */
| #define _GNU_SOURCE 1  /* for struct ucred on Linux */
| #include <stdio.h>
| #ifdef HAVE_SYS_TYPES_H
| # include <sys/types.h>
| #endif
| #ifdef HAVE_SYS_STAT_H
| # include <sys/stat.h>
| #endif
| #ifdef STDC_HEADERS
| # include <stdlib.h>
| # include <stddef.h>
| #else
| # ifdef HAVE_STDLIB_H
| #  include <stdlib.h>
| # endif
| #endif
| #ifdef HAVE_STRING_H
| # if !defined STDC_HEADERS && defined HAVE_MEMORY_H
| #  include <memory.h>
| # endif
| # include <string.h>
| #endif
| #ifdef HAVE_STRINGS_H
| # include <strings.h>
| #endif
| #ifdef HAVE_INTTYPES_H
| # include <inttypes.h>
| #endif
| #ifdef HAVE_STDINT_H
| # include <stdint.h>
| #endif
| #ifdef HAVE_UNISTD_H
| # include <unistd.h>
| #endif
| 
| #ifdef _WIN32
| # include <winsock2.h>
| # include <ws2tcpip.h>
| # define IPV6_V6ONLY 27
| #endif
| 
| #ifdef HAVE_LIMITS_H
| # include <limits.h>
| #endif
| #ifdef HAVE_STDLIB_H
| # include <stdlib.h>
| #endif
| #ifdef HAVE_UNISTD_H
| #include <unistd.h>
| #endif
| #ifdef HAVE_SYS_TYPES_H
| # include <sys/types.h>
| #endif
| #ifdef HAVE_FCNTL_H
| # include <fcntl.h>
| #endif
| #ifdef HAVE_SYS_UIO_H
| # include <sys/uio.h>
| #endif
| #ifdef HAVE_SYS_SOCKET_H
| # include <sys/socket.h>
| #endif
| #ifdef HAVE_NETINET_IN_H
| # include <netinet/in.h>
| #endif
| #ifdef HAVE_NETINET_TCP_H
| # include <netinet/tcp.h>
| #endif
| #ifdef HAVE_SYS_UN_H
| # include <sys/un.h>
| #endif
| #ifdef HAVE_ARPA_INET_H
| # include <arpa/inet.h>
| #endif
| #ifdef HAVE_NETDB_H
| #include <netdb.h>
| #endif
| #ifdef HAVE_NET_IF_H
| # include <net/if.h>
| #endif
| #ifdef HAVE_NETIOAPI_H
| # include <netioapi.h>
| #endif
| 
| int
| main ()
| {
| static struct msghdr ac_aggr;
| if (sizeof ac_aggr.msg_accrights)
| return 0;
|   ;
|   return 0;
| }
configure:3889: result: no
configure:3899: checking for struct sockaddr.sa_len
configure:3899: /usr/bin/gcc -c -fno-stack-protector  conftest.c >&5
configure:3899: $? = 0
configure:3899: result: yes
configure:3910: creating ./network.buildinfo
configure:4028: creating ./config.status

## ---------------------- ##
## Running config.status. ##
## ---------------------- ##

This file was extended by Haskell network package config.status 3.1.1.0, which was
generated by GNU Autoconf 2.69.  Invocation command line was

  CONFIG_FILES    = 
  CONFIG_HEADERS  = 
  CONFIG_LINKS    = 
  CONFIG_COMMANDS = 
  $ ./config.status 

on Twans-MBP.lan

config.status:701: creating include/HsNetworkConfig.h
configure:4927: WARNING: unrecognized options: --with-compiler

## ---------------- ##
## Cache variables. ##
## ---------------- ##

ac_cv_build=x86_64-apple-darwin20.3.0
ac_cv_c_compiler_gnu=yes
ac_cv_c_const=yes
ac_cv_env_CC_set=set
ac_cv_env_CC_value=/usr/bin/gcc
ac_cv_env_CFLAGS_set=set
ac_cv_env_CFLAGS_value=-fno-stack-protector
ac_cv_env_CPPFLAGS_set=
ac_cv_env_CPPFLAGS_value=
ac_cv_env_CPP_set=
ac_cv_env_CPP_value=
ac_cv_env_LDFLAGS_set=
ac_cv_env_LDFLAGS_value=
ac_cv_env_LIBS_set=
ac_cv_env_LIBS_value=
ac_cv_env_build_alias_set=
ac_cv_env_build_alias_value=
ac_cv_env_host_alias_set=
ac_cv_env_host_alias_value=
ac_cv_env_target_alias_set=
ac_cv_env_target_alias_value=
ac_cv_func_accept4=no
ac_cv_func_gai_strerror=yes
ac_cv_func_gethostent=yes
ac_cv_func_getpeereid=yes
ac_cv_have_decl_AI_ADDRCONFIG=yes
ac_cv_have_decl_AI_ALL=yes
ac_cv_have_decl_AI_NUMERICSERV=yes
ac_cv_have_decl_AI_V4MAPPED=yes
ac_cv_have_decl_IPPROTO_IP=yes
ac_cv_have_decl_IPPROTO_IPV6=yes
ac_cv_have_decl_IPPROTO_TCP=yes
ac_cv_have_decl_IPV6_V6ONLY=yes
ac_cv_have_decl_SO_PEERCRED=no
ac_cv_header_arpa_inet_h=yes
ac_cv_header_fcntl_h=yes
ac_cv_header_inttypes_h=yes
ac_cv_header_limits_h=yes
ac_cv_header_memory_h=yes
ac_cv_header_net_if_h=yes
ac_cv_header_netdb_h=yes
ac_cv_header_netinet_in_h=yes
ac_cv_header_netinet_tcp_h=yes
ac_cv_header_netioapi_h=no
ac_cv_header_stdc=yes
ac_cv_header_stdint_h=yes
ac_cv_header_stdlib_h=yes
ac_cv_header_string_h=yes
ac_cv_header_strings_h=yes
ac_cv_header_sys_socket_h=yes
ac_cv_header_sys_stat_h=yes
ac_cv_header_sys_types_h=yes
ac_cv_header_sys_uio_h=yes
ac_cv_header_sys_un_h=yes
ac_cv_header_unistd_h=yes
ac_cv_host=x86_64-apple-darwin20.3.0
ac_cv_member_struct_msghdr_msg_accrights=no
ac_cv_member_struct_msghdr_msg_control=yes
ac_cv_member_struct_sockaddr_sa_len=yes
ac_cv_objext=o
ac_cv_path_EGREP='/usr/bin/grep -E'
ac_cv_path_GREP=/usr/bin/grep
ac_cv_prog_CPP='/usr/bin/gcc -E'
ac_cv_prog_ac_ct_CC=/usr/bin/gcc
ac_cv_prog_cc_c89=
ac_cv_prog_cc_g=yes
ac_cv_type_struct_ucred=no

## ----------------- ##
## Output variables. ##
## ----------------- ##

CC='/usr/bin/gcc'
CFLAGS='-fno-stack-protector'
CPP='/usr/bin/gcc -E'
CPPFLAGS=''
DEFS='-DHAVE_CONFIG_H'
ECHO_C='\c'
ECHO_N=''
ECHO_T=''
EGREP='/usr/bin/grep -E'
EXEEXT=''
GREP='/usr/bin/grep'
LDFLAGS=''
LIBOBJS=''
LIBS=''
LTLIBOBJS=''
OBJEXT='o'
PACKAGE_BUGREPORT='libraries@haskell.org'
PACKAGE_NAME='Haskell network package'
PACKAGE_STRING='Haskell network package 3.1.1.0'
PACKAGE_TARNAME='network'
PACKAGE_URL=''
PACKAGE_VERSION='3.1.1.0'
PATH_SEPARATOR=':'
SHELL='/bin/sh'
ac_ct_CC='/usr/bin/gcc'
bindir='/Users/twanbolwerk/.cabal/store/ghc-8.6.5/ntwrk-3.1.2.1-8a45affc/bin'
build='x86_64-apple-darwin20.3.0'
build_alias=''
build_cpu='x86_64'
build_os='darwin20.3.0'
build_vendor='apple'
datadir='/Users/twanbolwerk/.cabal/store/ghc-8.6.5/ntwrk-3.1.2.1-8a45affc/share'
datarootdir='${prefix}/share'
docdir='${datarootdir}/doc/${PACKAGE_TARNAME}'
dvidir='${docdir}'
exec_prefix='${prefix}'
host='x86_64-apple-darwin20.3.0'
host_alias=''
host_cpu='x86_64'
host_os='darwin20.3.0'
host_vendor='apple'
htmldir='${docdir}'
includedir='${prefix}/include'
infodir='${datarootdir}/info'
libdir='/Users/twanbolwerk/.cabal/store/ghc-8.6.5/ntwrk-3.1.2.1-8a45affc/lib'
libexecdir='/Users/twanbolwerk/.cabal/store/ghc-8.6.5/ntwrk-3.1.2.1-8a45affc/libexec'
localedir='${datarootdir}/locale'
localstatedir='${prefix}/var'
mandir='${datarootdir}/man'
oldincludedir='/usr/include'
pdfdir='${docdir}'
prefix='/Users/twanbolwerk/.cabal/store/ghc-8.6.5/ntwrk-3.1.2.1-8a45affc'
program_transform_name='s,x,x,'
psdir='${docdir}'
sbindir='${exec_prefix}/sbin'
sharedstatedir='${prefix}/com'
sysconfdir='/Users/twanbolwerk/.cabal/store/ghc-8.6.5/ntwrk-3.1.2.1-8a45affc/etc'
target_alias=''

## ----------- ##
## confdefs.h. ##
## ----------- ##

/* confdefs.h */
#define PACKAGE_NAME "Haskell network package"
#define PACKAGE_TARNAME "network"
#define PACKAGE_VERSION "3.1.1.0"
#define PACKAGE_STRING "Haskell network package 3.1.1.0"
#define PACKAGE_BUGREPORT "libraries@haskell.org"
#define PACKAGE_URL ""
#define STDC_HEADERS 1
#define HAVE_SYS_TYPES_H 1
#define HAVE_SYS_STAT_H 1
#define HAVE_STDLIB_H 1
#define HAVE_STRING_H 1
#define HAVE_MEMORY_H 1
#define HAVE_STRINGS_H 1
#define HAVE_INTTYPES_H 1
#define HAVE_STDINT_H 1
#define HAVE_UNISTD_H 1
#define HAVE_LIMITS_H 1
#define HAVE_STDLIB_H 1
#define HAVE_UNISTD_H 1
#define HAVE_SYS_TYPES_H 1
#define HAVE_FCNTL_H 1
#define HAVE_SYS_UIO_H 1
#define HAVE_SYS_SOCKET_H 1
#define HAVE_NETINET_IN_H 1
#define HAVE_NETINET_TCP_H 1
#define HAVE_SYS_UN_H 1
#define HAVE_ARPA_INET_H 1
#define HAVE_NETDB_H 1
#define HAVE_NET_IF_H 1
#define HAVE_GAI_STRERROR 1
#define HAVE_GETHOSTENT 1
#define HAVE_GETPEEREID 1
#define HAVE_DECL_AI_ADDRCONFIG 1
#define HAVE_DECL_AI_ALL 1
#define HAVE_DECL_AI_NUMERICSERV 1
#define HAVE_DECL_AI_V4MAPPED 1
#define HAVE_DECL_IPV6_V6ONLY 1
#define HAVE_DECL_IPPROTO_IP 1
#define HAVE_DECL_IPPROTO_TCP 1
#define HAVE_DECL_IPPROTO_IPV6 1
#define HAVE_DECL_SO_PEERCRED 0
#define HAVE_STRUCT_MSGHDR_MSG_CONTROL 1
#define HAVE_STRUCT_SOCKADDR_SA_LEN 1

configure: exit 0
